<?xml version="1.0" encoding="UTF-8"?>
<testsuite name="com.example.demo.RootControllerTest" tests="1" skipped="0" failures="0" errors="0" timestamp="2025-11-01T23:01:07.031Z" hostname="DESKTOP-KUIIO68" time="0.007">
  <properties/>
  <testcase name="root_ReturnsMessage()" classname="com.example.demo.RootControllerTest" time="0.007"/>
  <system-out><![CDATA[2025-11-02T04:01:06.736+05:00  INFO 4996 --- [    Test worker] t.c.s.AnnotationConfigContextLoaderUtils : Could not detect default configuration classes for test class [com.example.demo.RootControllerTest]: RootControllerTest does not declare any static, non-private, non-final, nested classes annotated with @Configuration.
2025-11-02T04:01:06.746+05:00  INFO 4996 --- [    Test worker] .b.t.c.SpringBootTestContextBootstrapper : Found @SpringBootConfiguration com.example.demo.DemoApplication for test class com.example.demo.RootControllerTest

  .   ____          _            __ _ _
 /\\ / ___'_ __ _ _(_)_ __  __ _ \ \ \ \
( ( )\___ | '_ | '_| | '_ \/ _` | \ \ \ \
 \\/  ___)| |_)| | | | | || (_| |  ) ) ) )
  '  |____| .__|_| |_|_| |_\__, | / / / /
 =========|_|==============|___/=/_/_/_/
 :: Spring Boot ::                (v3.2.0)

2025-11-02T04:01:06.777+05:00  INFO 4996 --- [    Test worker] com.example.demo.RootControllerTest      : Starting RootControllerTest using Java 21.0.8 with PID 4996 (started by Admin in D:\ITPU\java uzum)
2025-11-02T04:01:06.777+05:00  INFO 4996 --- [    Test worker] com.example.demo.RootControllerTest      : No active profile set, falling back to 1 default profile: "default"
2025-11-02T04:01:06.961+05:00  INFO 4996 --- [    Test worker] o.s.b.a.w.s.WelcomePageHandlerMapping    : Adding welcome page: class path resource [static/index.html]
2025-11-02T04:01:07.020+05:00  INFO 4996 --- [    Test worker] o.s.b.t.m.w.SpringBootMockServletContext : Initializing Spring TestDispatcherServlet ''
2025-11-02T04:01:07.021+05:00  INFO 4996 --- [    Test worker] o.s.t.web.servlet.TestDispatcherServlet  : Initializing Servlet ''
2025-11-02T04:01:07.021+05:00  INFO 4996 --- [    Test worker] o.s.t.web.servlet.TestDispatcherServlet  : Completed initialization in 0 ms
2025-11-02T04:01:07.028+05:00  INFO 4996 --- [    Test worker] com.example.demo.RootControllerTest      : Started RootControllerTest in 0.277 seconds (process running for 6.483)
]]></system-out>
  <system-err><![CDATA[]]></system-err>
</testsuite>
