<?xml version="1.0" encoding="UTF-8"?>
<testsuite name="com.example.demo.ApiControllerTest" tests="5" skipped="0" failures="0" errors="0" timestamp="2025-11-01T23:01:05.857Z" hostname="DESKTOP-KUIIO68" time="0.517">
  <properties/>
  <testcase name="getPersonWithCars_NotFound()" classname="com.example.demo.ApiControllerTest" time="0.263"/>
  <testcase name="postPerson_Ok()" classname="com.example.demo.ApiControllerTest" time="0.182"/>
  <testcase name="getStatistics_ReturnsObject()" classname="com.example.demo.ApiControllerTest" time="0.025"/>
  <testcase name="postCar_Ok()" classname="com.example.demo.ApiControllerTest" time="0.018"/>
  <testcase name="postPerson_BadRequest()" classname="com.example.demo.ApiControllerTest" time="0.019"/>
  <system-out><![CDATA[04:01:02.143 [Test worker] INFO org.springframework.test.context.support.AnnotationConfigContextLoaderUtils -- Could not detect default configuration classes for test class [com.example.demo.ApiControllerTest]: ApiControllerTest does not declare any static, non-private, non-final, nested classes annotated with @Configuration.
04:01:02.373 [Test worker] INFO org.springframework.boot.test.context.SpringBootTestContextBootstrapper -- Found @SpringBootConfiguration com.example.demo.DemoApplication for test class com.example.demo.ApiControllerTest

  .   ____          _            __ _ _
 /\\ / ___'_ __ _ _(_)_ __  __ _ \ \ \ \
( ( )\___ | '_ | '_| | '_ \/ _` | \ \ \ \
 \\/  ___)| |_)| | | | | || (_| |  ) ) ) )
  '  |____| .__|_| |_|_| |_\__, | / / / /
 =========|_|==============|___/=/_/_/_/
 :: Spring Boot ::                (v3.2.0)

2025-11-02T04:01:03.063+05:00  INFO 4996 --- [    Test worker] com.example.demo.ApiControllerTest       : Starting ApiControllerTest using Java 21.0.8 with PID 4996 (started by Admin in D:\ITPU\java uzum)
2025-11-02T04:01:03.065+05:00  INFO 4996 --- [    Test worker] com.example.demo.ApiControllerTest       : No active profile set, falling back to 1 default profile: "default"
2025-11-02T04:01:05.303+05:00  INFO 4996 --- [    Test worker] o.s.b.a.w.s.WelcomePageHandlerMapping    : Adding welcome page: class path resource [static/index.html]
2025-11-02T04:01:05.796+05:00  INFO 4996 --- [    Test worker] o.s.b.t.m.w.SpringBootMockServletContext : Initializing Spring TestDispatcherServlet ''
2025-11-02T04:01:05.796+05:00  INFO 4996 --- [    Test worker] o.s.t.web.servlet.TestDispatcherServlet  : Initializing Servlet ''
2025-11-02T04:01:05.801+05:00  INFO 4996 --- [    Test worker] o.s.t.web.servlet.TestDispatcherServlet  : Completed initialization in 3 ms
2025-11-02T04:01:05.840+05:00  INFO 4996 --- [    Test worker] com.example.demo.ApiControllerTest       : Started ApiControllerTest in 3.332 seconds (process running for 5.296)
2025-11-02T04:01:06.372+05:00  WARN 4996 --- [    Test worker] .w.s.m.s.DefaultHandlerExceptionResolver : Resolved [org.springframework.web.bind.MethodArgumentNotValidException: Validation failed for argument [0] in public org.springframework.http.ResponseEntity<?> com.example.demo.ApiController.addPerson(com.example.demo.PersonRequest) with 2 errors: [Field error in object 'personRequest' on field 'name': rejected value [null]; codes [NotBlank.personRequest.name,NotBlank.name,NotBlank.java.lang.String,NotBlank]; arguments [org.springframework.context.support.DefaultMessageSourceResolvable: codes [personRequest.name,name]; arguments []; default message [name]]; default message [name is required]] [Field error in object 'personRequest' on field 'birthdate': rejected value [null]; codes [NotBlank.personRequest.birthdate,NotBlank.birthdate,NotBlank.java.lang.String,NotBlank]; arguments [org.springframework.context.support.DefaultMessageSourceResolvable: codes [personRequest.birthdate,birthdate]; arguments []; default message [birthdate]]; default message [birthdate is required. Format: dd.MM.yyyy]] ]
]]></system-out>
  <system-err><![CDATA[WARNING: A Java agent has been loaded dynamically (C:\Users\Admin\.gradle\caches\modules-2\files-2.1\net.bytebuddy\byte-buddy-agent\1.14.10\90ed94ac044ea8953b224304c762316e91fd6b31\byte-buddy-agent-1.14.10.jar)
WARNING: If a serviceability tool is in use, please run with -XX:+EnableDynamicAgentLoading to hide this warning
WARNING: If a serviceability tool is not in use, please run with -Djdk.instrument.traceUsage for more information
WARNING: Dynamic loading of agents will be disallowed by default in a future release
]]></system-err>
</testsuite>
