<?xml version="1.0" encoding="UTF-8"?>
<testsuite name="com.example.demo.PersonServiceTest" tests="3" skipped="0" failures="0" errors="0" timestamp="2025-11-01T23:01:06.710Z" hostname="DESKTOP-KUIIO68" time="0.013">
  <properties/>
  <testcase name="savePerson_Ok()" classname="com.example.demo.PersonServiceTest" time="0.005"/>
  <testcase name="savePerson_BirthdayInFuture()" classname="com.example.demo.PersonServiceTest" time="0.003"/>
  <testcase name="savePerson_TooYoung()" classname="com.example.demo.PersonServiceTest" time="0.003"/>
  <system-out><![CDATA[]]></system-out>
  <system-err><![CDATA[]]></system-err>
</testsuite>
